<?xml version="1.0" encoding="UTF-8"?>
<robot generator="Robot 3.1.1 (Python 3.7.4 on win32)" generated="20190820 11:26:39.801" rpa="false">
<suite id="s1" name="TestSite" source="\\corp.sovos.local\sovos\SPO\Users\Adriano Valumin\Cursos\Robot\test3\tests\TestSite.robot">
<test id="s1-t1" name="Criar uma nova company">
<kw name="Abrir navegador" library="Resource" type="setup">
<kw name="Open Browser" library="SeleniumLibrary">
<doc>Opens a new browser instance to the given ``url``.</doc>
<arguments>
<arg>${URL}</arg>
<arg>${BROWSER}</arg>
</arguments>
<msg timestamp="20190820 11:26:40.102" level="INFO">Opening browser 'chrome' to base url 'http://qavat2.sovos.com/'.</msg>
<status status="PASS" starttime="20190820 11:26:40.102" endtime="20190820 11:26:53.049"></status>
</kw>
<status status="PASS" starttime="20190820 11:26:40.101" endtime="20190820 11:26:53.049"></status>
</kw>
<kw name="Fazer login com o email &quot;${emailadmin}&quot; e senha &quot;${senhaadmin}!&quot;no portal" library="Resource">
<kw name="Title Should Be" library="SeleniumLibrary">
<doc>Verifies that current page title equals ``title``.</doc>
<arguments>
<arg>Login</arg>
</arguments>
<msg timestamp="20190820 11:26:53.054" level="INFO">Page title is 'Login'.</msg>
<status status="PASS" starttime="20190820 11:26:53.050" endtime="20190820 11:26:53.054"></status>
</kw>
<kw name="Wait Until Element Is Visible" library="SeleniumLibrary">
<doc>Waits until element ``locator`` is visible.</doc>
<arguments>
<arg>xpath=//*[@id="Email"]</arg>
</arguments>
<status status="PASS" starttime="20190820 11:26:53.054" endtime="20190820 11:26:53.088"></status>
</kw>
<kw name="Wait Until Element Is Visible" library="SeleniumLibrary">
<doc>Waits until element ``locator`` is visible.</doc>
<arguments>
<arg>xpath=//*[@id="Password"]</arg>
</arguments>
<status status="PASS" starttime="20190820 11:26:53.088" endtime="20190820 11:26:53.111"></status>
</kw>
<kw name="Input Text" library="SeleniumLibrary">
<doc>Types the given ``text`` into text field identified by ``locator``.</doc>
<arguments>
<arg>name=Email</arg>
<arg>${emailadmin}</arg>
</arguments>
<msg timestamp="20190820 11:26:53.111" level="INFO">Typing text 'adriano@test' into text field 'name=Email'.</msg>
<status status="PASS" starttime="20190820 11:26:53.111" endtime="20190820 11:26:53.207"></status>
</kw>
<kw name="Input Text" library="SeleniumLibrary">
<doc>Types the given ``text`` into text field identified by ``locator``.</doc>
<arguments>
<arg>name=Password</arg>
<arg>${senhaadmin}</arg>
</arguments>
<msg timestamp="20190820 11:26:53.207" level="INFO">Typing text 'Sovos123!' into text field 'name=Password'.</msg>
<status status="PASS" starttime="20190820 11:26:53.207" endtime="20190820 11:26:53.314"></status>
</kw>
<kw name="Click Button" library="SeleniumLibrary">
<doc>Clicks button identified by ``locator``.</doc>
<arguments>
<arg>xpath=/html/body/div[2]/div/div/div/div[2]/form/div[4]/div/button</arg>
</arguments>
<msg timestamp="20190820 11:26:53.315" level="INFO">Clicking button 'xpath=/html/body/div[2]/div/div/div/div[2]/form/div[4]/div/button'.</msg>
<status status="PASS" starttime="20190820 11:26:53.314" endtime="20190820 11:27:00.532"></status>
</kw>
<kw name="Wait Until Element Is Visible" library="SeleniumLibrary">
<doc>Waits until element ``locator`` is visible.</doc>
<arguments>
<arg>xpath=//*[@id="root-navigation-container"]</arg>
</arguments>
<status status="PASS" starttime="20190820 11:27:00.532" endtime="20190820 11:27:00.555"></status>
</kw>
<status status="PASS" starttime="20190820 11:26:53.049" endtime="20190820 11:27:00.555"></status>
</kw>
<kw name="Navegar até a tela de companies" library="Resource">
<kw name="Go To" library="SeleniumLibrary">
<doc>Navigates the active browser instance to the provided ``url``.</doc>
<arguments>
<arg>${URL}</arg>
</arguments>
<msg timestamp="20190820 11:27:00.556" level="INFO">Opening url 'http://qavat2.sovos.com/'</msg>
<status status="PASS" starttime="20190820 11:27:00.556" endtime="20190820 11:27:02.187"></status>
</kw>
<kw name="Title Should Be" library="SeleniumLibrary">
<doc>Verifies that current page title equals ``title``.</doc>
<arguments>
<arg>Home</arg>
</arguments>
<msg timestamp="20190820 11:27:02.191" level="INFO">Page title is 'Home'.</msg>
<status status="PASS" starttime="20190820 11:27:02.188" endtime="20190820 11:27:02.191"></status>
</kw>
<kw name="Wait Until Element Is Visible" library="SeleniumLibrary">
<doc>Waits until element ``locator`` is visible.</doc>
<arguments>
<arg>xpath=//*[@id="admin-btn"]</arg>
</arguments>
<status status="PASS" starttime="20190820 11:27:02.191" endtime="20190820 11:27:02.221"></status>
</kw>
<kw name="Click Element" library="SeleniumLibrary">
<doc>Click element identified by ``locator``.</doc>
<arguments>
<arg>xpath=//*[@id="EU Tax Reporting"]</arg>
</arguments>
<msg timestamp="20190820 11:27:02.221" level="INFO">Clicking element 'xpath=//*[@id="EU Tax Reporting"]'.</msg>
<status status="PASS" starttime="20190820 11:27:02.221" endtime="20190820 11:27:09.605"></status>
</kw>
<kw name="Wait Until Element Is Visible" library="SeleniumLibrary">
<doc>Waits until element ``locator`` is visible.</doc>
<arguments>
<arg>xpath=//*[@id="Tools and Reports"]</arg>
</arguments>
<status status="PASS" starttime="20190820 11:27:09.605" endtime="20190820 11:27:09.630"></status>
</kw>
<kw name="Click Element" library="SeleniumLibrary">
<doc>Click element identified by ``locator``.</doc>
<arguments>
<arg>xpath=//*[@id="Settings"]</arg>
</arguments>
<msg timestamp="20190820 11:27:09.631" level="INFO">Clicking element 'xpath=//*[@id="Settings"]'.</msg>
<status status="PASS" starttime="20190820 11:27:09.630" endtime="20190820 11:27:09.691"></status>
</kw>
<kw name="Click Element" library="SeleniumLibrary">
<doc>Click element identified by ``locator``.</doc>
<arguments>
<arg>xpath=//*[@id="Companies"]</arg>
</arguments>
<msg timestamp="20190820 11:27:09.691" level="INFO">Clicking element 'xpath=//*[@id="Companies"]'.</msg>
<status status="PASS" starttime="20190820 11:27:09.691" endtime="20190820 11:27:11.067"></status>
</kw>
<kw name="Wait Until Element Is Visible" library="SeleniumLibrary">
<doc>Waits until element ``locator`` is visible.</doc>
<arguments>
<arg>xpath=//*[@id="content"]//*[contains(text(),"Create Company")]</arg>
</arguments>
<status status="PASS" starttime="20190820 11:27:11.067" endtime="20190820 11:27:11.090"></status>
</kw>
<status status="PASS" starttime="20190820 11:27:00.555" endtime="20190820 11:27:11.090"></status>
</kw>
<kw name="Fechar navegador" library="Resource" type="teardown">
<kw name="Close Browser" library="SeleniumLibrary">
<doc>Closes the current browser.</doc>
<status status="PASS" starttime="20190820 11:27:11.090" endtime="20190820 11:27:13.303"></status>
</kw>
<status status="PASS" starttime="20190820 11:27:11.090" endtime="20190820 11:27:13.303"></status>
</kw>
<status status="PASS" starttime="20190820 11:26:40.101" endtime="20190820 11:27:13.303" critical="yes"></status>
</test>
<status status="PASS" starttime="20190820 11:26:39.804" endtime="20190820 11:27:13.305"></status>
</suite>
<statistics>
<total>
<stat pass="1" fail="0">Critical Tests</stat>
<stat pass="1" fail="0">All Tests</stat>
</total>
<tag>
</tag>
<suite>
<stat pass="1" fail="0" id="s1" name="TestSite">TestSite</stat>
</suite>
</statistics>
<errors>
</errors>
</robot>
