<?xml version="1.0" encoding="UTF-8"?>
<robot generator="Robot 3.1.1 (Python 3.7.0 on win32)" generated="20190208 11:28:06.923" rpa="false">
<suite id="s1" name="Test" source="\\corp.sovos.local\sovos\SPO\Users\Adriano Valumin\Cursos\Robot\test">
<suite id="s1-s1" name="Pesquisar" source="\\corp.sovos.local\sovos\SPO\Users\Adriano Valumin\Cursos\Robot\test\pesquisar.robot">
<kw name="Abrir Navegador" library="pesquisar_kw" type="setup">
<kw name="Open Browser" library="SeleniumLibrary">
<doc>Opens a new browser instance to the given ``url``.</doc>
<arguments>
<arg>about:blank</arg>
<arg>${BROWSER}</arg>
</arguments>
<msg timestamp="20190208 11:28:08.534" level="INFO">Opening browser 'chrome' to base url 'about:blank'.</msg>
<status status="PASS" starttime="20190208 11:28:08.534" endtime="20190208 11:28:11.285"></status>
</kw>
<status status="PASS" starttime="20190208 11:28:08.534" endtime="20190208 11:28:11.286"></status>
</kw>
<test id="s1-s1-t1" name="Caso de teste 01: Pesquisar produto existente">
<kw name="Dado que estou na pagina home do Site" library="pesquisar_kw">
<kw name="Go To" library="SeleniumLibrary">
<doc>Navigates the active browser instance to the provided ``url``.</doc>
<arguments>
<arg>${URL}</arg>
</arguments>
<msg timestamp="20190208 11:28:11.287" level="INFO">Opening url 'http://automationpractice.com/index.php'</msg>
<status status="PASS" starttime="20190208 11:28:11.287" endtime="20190208 11:28:21.028"></status>
</kw>
<kw name="Title Should Be" library="SeleniumLibrary">
<doc>Verifies that current page title equals ``title``.</doc>
<arguments>
<arg>My Store</arg>
</arguments>
<msg timestamp="20190208 11:28:21.033" level="INFO">Page title is 'My Store'.</msg>
<status status="PASS" starttime="20190208 11:28:21.028" endtime="20190208 11:28:21.033"></status>
</kw>
<status status="PASS" starttime="20190208 11:28:11.287" endtime="20190208 11:28:21.033"></status>
</kw>
<kw name="Quando eu pesquisar pelo produto &quot;Blouse&quot;" library="pesquisar_kw">
<kw name="Input Text" library="SeleniumLibrary">
<doc>Types the given ``text`` into text field identified by ``locator``.</doc>
<arguments>
<arg>name=search_query</arg>
<arg>${PRODUTO}</arg>
</arguments>
<msg timestamp="20190208 11:28:21.034" level="INFO">Typing text 'Blouse' into text field 'name=search_query'.</msg>
<status status="PASS" starttime="20190208 11:28:21.034" endtime="20190208 11:28:21.112"></status>
</kw>
<kw name="Click Element" library="SeleniumLibrary">
<doc>Click element identified by ``locator``.</doc>
<arguments>
<arg>name=submit_search</arg>
</arguments>
<msg timestamp="20190208 11:28:21.112" level="INFO">Clicking element 'name=submit_search'.</msg>
<status status="PASS" starttime="20190208 11:28:21.112" endtime="20190208 11:28:23.294"></status>
</kw>
<status status="PASS" starttime="20190208 11:28:21.034" endtime="20190208 11:28:23.294"></status>
</kw>
<kw name="Entao o produto &quot;Blouse&quot; deve estar listado na pagina de resultado de busca" library="pesquisar_kw">
<kw name="Element Should Contain" library="SeleniumLibrary">
<doc>Verifies that element ``locator`` contains text ``expected``.</doc>
<arguments>
<arg>css=#center_column &gt; h1</arg>
<arg>SEARCH</arg>
<arg>"${PRODUTO}"</arg>
</arguments>
<msg timestamp="20190208 11:28:23.325" level="INFO">Element 'css=#center_column &gt; h1' contains text 'SEARCH'.</msg>
<status status="PASS" starttime="20190208 11:28:23.295" endtime="20190208 11:28:23.325"></status>
</kw>
<kw name="Title Should Be" library="SeleniumLibrary">
<doc>Verifies that current page title equals ``title``.</doc>
<arguments>
<arg>Search - My Store</arg>
</arguments>
<msg timestamp="20190208 11:28:23.327" level="INFO">Page title is 'Search - My Store'.</msg>
<status status="PASS" starttime="20190208 11:28:23.325" endtime="20190208 11:28:23.327"></status>
</kw>
<status status="PASS" starttime="20190208 11:28:23.295" endtime="20190208 11:28:23.328"></status>
</kw>
<tags>
<tag>pesquisar</tag>
</tags>
<status status="PASS" starttime="20190208 11:28:11.286" endtime="20190208 11:28:23.328" critical="yes"></status>
</test>
<kw name="Fechar Navegador" library="pesquisar_kw" type="teardown">
<kw name="Close Browser" library="SeleniumLibrary">
<doc>Closes the current browser.</doc>
<status status="PASS" starttime="20190208 11:28:23.329" endtime="20190208 11:28:25.454"></status>
</kw>
<status status="PASS" starttime="20190208 11:28:23.329" endtime="20190208 11:28:25.455"></status>
</kw>
<status status="PASS" starttime="20190208 11:28:07.144" endtime="20190208 11:28:25.455"></status>
</suite>
<status status="PASS" starttime="20190208 11:28:06.925" endtime="20190208 11:28:25.461"></status>
</suite>
<statistics>
<total>
<stat pass="1" fail="0">Critical Tests</stat>
<stat pass="1" fail="0">All Tests</stat>
</total>
<tag>
<stat pass="1" fail="0">pesquisar</stat>
</tag>
<suite>
<stat pass="1" fail="0" id="s1" name="Test">Test</stat>
<stat pass="1" fail="0" id="s1-s1" name="Pesquisar">Test.Pesquisar</stat>
</suite>
</statistics>
<errors>
</errors>
</robot>
