<?xml version="1.0" encoding="UTF-8"?>
<robot generator="Robot 3.1.2 (Python 3.7.4 on win32)" generated="20190909 11:14:19.125" rpa="false">
<suite id="s1" name="TestSite" source="C:\Users\adriano.valumin\Documents\robot_practice\test2\tests\TestSite.robot">
<test id="s1-t1" name="Caso de Teste 01: Comparar arquivos">
<kw name="Comparar dois arquivos" library="Resource">
<kw name="Set Suite Variable" library="BuiltIn">
<doc>Makes a variable available everywhere within the scope of the current suite.</doc>
<arguments>
<arg>${RESOURCEDIR}</arg>
<arg>C:\\Users\\adriano.valumin\\Documents\\robot_practice\\test2\\resource</arg>
</arguments>
<msg timestamp="20190909 11:14:19.473" level="INFO">${RESOURCEDIR} = C:\Users\adriano.valumin\Documents\robot_practice\test2\resource</msg>
<status status="PASS" starttime="20190909 11:14:19.473" endtime="20190909 11:14:19.473"></status>
</kw>
<kw name="Normalize Path" library="OperatingSystem">
<doc>Normalizes the given path.</doc>
<arguments>
<arg>${RESOURCEDIR}\\arquivo1.xlsx</arg>
</arguments>
<assign>
<var>${arquivo1}</var>
</assign>
<msg timestamp="20190909 11:14:19.473" level="INFO">${arquivo1} = C:\Users\adriano.valumin\Documents\robot_practice\test2\resource\arquivo1.xlsx</msg>
<status status="PASS" starttime="20190909 11:14:19.473" endtime="20190909 11:14:19.473"></status>
</kw>
<kw name="Normalize Path" library="OperatingSystem">
<doc>Normalizes the given path.</doc>
<arguments>
<arg>${RESOURCEDIR}\\arquivo2.xlsx</arg>
</arguments>
<assign>
<var>${arquivo2}</var>
</assign>
<msg timestamp="20190909 11:14:19.473" level="INFO">${arquivo2} = C:\Users\adriano.valumin\Documents\robot_practice\test2\resource\arquivo2.xlsx</msg>
<status status="PASS" starttime="20190909 11:14:19.473" endtime="20190909 11:14:19.473"></status>
</kw>
<kw name="Diff Files" library="DiffLibrary">
<doc>Diff two text files</doc>
<arguments>
<arg>${arquivo1}</arg>
<arg>${arquivo2}</arg>
<arg>fail=True</arg>
</arguments>
<msg timestamp="20190909 11:14:19.473" level="INFO">file1: C:\Users\adriano.valumin\Documents\robot_practice\test2\resource\arquivo1.xlsx</msg>
<msg timestamp="20190909 11:14:19.473" level="INFO">file2: C:\Users\adriano.valumin\Documents\robot_practice\test2\resource\arquivo2.xlsx</msg>
<msg timestamp="20190909 11:14:19.473" level="INFO">c:\users\adriano.valumin\appdata\local\programs\python\python37\lib\site-packages\DiffLibrary\bin\diff\diff.exe --strip-trailing-cr  "C:\Users\adriano.valumin\Documents\robot_practice\test2\resource\arquivo1.xlsx" "C:\Users\adriano.valumin\Documents\robot_practice\test2\resource\arquivo2.xlsx"</msg>
<status status="PASS" starttime="20190909 11:14:19.473" endtime="20190909 11:14:19.613"></status>
</kw>
<status status="PASS" starttime="20190909 11:14:19.473" endtime="20190909 11:14:19.613"></status>
</kw>
<status status="PASS" starttime="20190909 11:14:19.473" endtime="20190909 11:14:19.613" critical="yes"></status>
</test>
<status status="PASS" starttime="20190909 11:14:19.129" endtime="20190909 11:14:19.613"></status>
</suite>
<statistics>
<total>
<stat pass="1" fail="0">Critical Tests</stat>
<stat pass="1" fail="0">All Tests</stat>
</total>
<tag>
</tag>
<suite>
<stat pass="1" fail="0" id="s1" name="TestSite">TestSite</stat>
</suite>
</statistics>
<errors>
</errors>
</robot>
