<?xml version="1.0" encoding="UTF-8"?>
<robot generator="Robot 3.1.2 (Python 3.7.4 on win32)" generated="20190819 21:13:43.352" rpa="false">
<suite id="s1" name="TestSite" source="D:\dev\robot_practice\test3\tests\TestSite.robot">
<test id="s1-t1" name="Criar uma nova company">
<kw name="Abrir navegador" library="Resource" type="setup">
<kw name="Open Browser" library="SeleniumLibrary">
<doc>Opens a new browser instance to the given ``url``.</doc>
<arguments>
<arg>${URL}</arg>
<arg>${BROWSER}</arg>
</arguments>
<msg timestamp="20190819 21:13:43.746" level="INFO">Opening browser 'chrome' to base url 'http://qavat2.sovos.com/'.</msg>
<status status="PASS" starttime="20190819 21:13:43.745" endtime="20190819 21:13:54.009"></status>
</kw>
<status status="PASS" starttime="20190819 21:13:43.745" endtime="20190819 21:13:54.009"></status>
</kw>
<kw name="Fazer login com o email &quot;adriano@test&quot; e senha &quot;Sovos123!&quot;no portal" library="Resource">
<kw name="Title Should Be" library="SeleniumLibrary">
<doc>Verifies that current page title equals ``title``.</doc>
<arguments>
<arg>Login</arg>
</arguments>
<msg timestamp="20190819 21:13:54.022" level="INFO">Page title is 'Login'.</msg>
<status status="PASS" starttime="20190819 21:13:54.011" endtime="20190819 21:13:54.022"></status>
</kw>
<kw name="Wait Until Element Is Visible" library="SeleniumLibrary">
<doc>Waits until element ``locator`` is visible.</doc>
<arguments>
<arg>xpath=//*[@id="Email"]</arg>
</arguments>
<status status="PASS" starttime="20190819 21:13:54.023" endtime="20190819 21:13:54.082"></status>
</kw>
<kw name="Wait Until Element Is Visible" library="SeleniumLibrary">
<doc>Waits until element ``locator`` is visible.</doc>
<arguments>
<arg>xpath=//*[@id="Password"]</arg>
</arguments>
<status status="PASS" starttime="20190819 21:13:54.082" endtime="20190819 21:13:54.130"></status>
</kw>
<kw name="Input Text" library="SeleniumLibrary">
<doc>Types the given ``text`` into text field identified by ``locator``.</doc>
<arguments>
<arg>name=Email</arg>
<arg>${email}</arg>
</arguments>
<msg timestamp="20190819 21:13:54.131" level="INFO">Typing text 'adriano@test' into text field 'name=Email'.</msg>
<status status="PASS" starttime="20190819 21:13:54.131" endtime="20190819 21:13:54.371"></status>
</kw>
<kw name="Input Text" library="SeleniumLibrary">
<doc>Types the given ``text`` into text field identified by ``locator``.</doc>
<arguments>
<arg>name=Password</arg>
<arg>${senha}</arg>
</arguments>
<msg timestamp="20190819 21:13:54.372" level="INFO">Typing text 'Sovos123!' into text field 'name=Password'.</msg>
<status status="PASS" starttime="20190819 21:13:54.372" endtime="20190819 21:13:54.611"></status>
</kw>
<kw name="Click Button" library="SeleniumLibrary">
<doc>Clicks button identified by ``locator``.</doc>
<arguments>
<arg>xpath=/html/body/div[2]/div/div/div/div[2]/form/div[4]/div/button</arg>
</arguments>
<msg timestamp="20190819 21:13:54.612" level="INFO">Clicking button 'xpath=/html/body/div[2]/div/div/div/div[2]/form/div[4]/div/button'.</msg>
<status status="PASS" starttime="20190819 21:13:54.612" endtime="20190819 21:14:39.667"></status>
</kw>
<status status="PASS" starttime="20190819 21:13:54.010" endtime="20190819 21:14:39.668"></status>
</kw>
<kw name="Navegar até a tela de companies" library="Resource">
<kw name="Title Should Be" library="SeleniumLibrary">
<doc>Verifies that current page title equals ``title``.</doc>
<arguments>
<arg>Home</arg>
</arguments>
<msg timestamp="20190819 21:14:39.679" level="INFO">Page title is 'Home'.</msg>
<status status="PASS" starttime="20190819 21:14:39.669" endtime="20190819 21:14:39.679"></status>
</kw>
<kw name="Wait Until Element Is Visible" library="SeleniumLibrary">
<doc>Waits until element ``locator`` is visible.</doc>
<arguments>
<arg>xpath=//*[@id="admin-btn"]</arg>
</arguments>
<status status="PASS" starttime="20190819 21:14:39.679" endtime="20190819 21:14:39.725"></status>
</kw>
<kw name="Click Button" library="SeleniumLibrary">
<doc>Clicks button identified by ``locator``.</doc>
<arguments>
<arg>xpath=//*[@id="EU Tax Reporting"]//*[contains(text(),"Reporting")]</arg>
</arguments>
<msg timestamp="20190819 21:14:39.725" level="INFO">Clicking button 'xpath=//*[@id="EU Tax Reporting"]//*[contains(text(),"Reporting")]'.</msg>
<kw name="Capture Page Screenshot" library="SeleniumLibrary">
<doc>Takes screenshot of the current page and embeds it into log file.</doc>
<msg timestamp="20190819 21:14:40.061" level="INFO" html="yes">&lt;/td&gt;&lt;/tr&gt;&lt;tr&gt;&lt;td colspan="3"&gt;&lt;a href="selenium-screenshot-4.png"&gt;&lt;img src="selenium-screenshot-4.png" width="800px"&gt;&lt;/a&gt;</msg>
<status status="PASS" starttime="20190819 21:14:39.769" endtime="20190819 21:14:40.061"></status>
</kw>
<msg timestamp="20190819 21:14:40.064" level="FAIL">Button with locator 'xpath=//*[@id="EU Tax Reporting"]//*[contains(text(),"Reporting")]' not found.</msg>
<status status="FAIL" starttime="20190819 21:14:39.725" endtime="20190819 21:14:40.065"></status>
</kw>
<status status="FAIL" starttime="20190819 21:14:39.668" endtime="20190819 21:14:40.065"></status>
</kw>
<kw name="Fechar navegador" library="Resource" type="teardown">
<kw name="Close Browser" library="SeleniumLibrary">
<doc>Closes the current browser.</doc>
<status status="PASS" starttime="20190819 21:14:40.066" endtime="20190819 21:14:42.249"></status>
</kw>
<status status="PASS" starttime="20190819 21:14:40.066" endtime="20190819 21:14:42.249"></status>
</kw>
<status status="FAIL" starttime="20190819 21:13:43.743" endtime="20190819 21:14:42.251" critical="yes">Button with locator 'xpath=//*[@id="EU Tax Reporting"]//*[contains(text(),"Reporting")]' not found.</status>
</test>
<status status="FAIL" starttime="20190819 21:13:43.355" endtime="20190819 21:14:42.261"></status>
</suite>
<statistics>
<total>
<stat pass="0" fail="1">Critical Tests</stat>
<stat pass="0" fail="1">All Tests</stat>
</total>
<tag>
</tag>
<suite>
<stat pass="0" fail="1" id="s1" name="TestSite">TestSite</stat>
</suite>
</statistics>
<errors>
</errors>
</robot>
